<?xml version="1.0" encoding="UTF-8"?>
<!-- Generated by org.testng.reporters.JUnitReportReporter -->
<testsuite hostname="DESKTOP-2D98OF3" failures="0" tests="2" name="com.test.Verify_Login_page" time="40.135" errors="0" timestamp="2022-07-16T01:32:46 IST" skipped="0">
  <testcase classname="com.test.Verify_Login_page" name="Verify_login_with_valid_credentials" time="12.461"/>
  <system-out/>
  <testcase classname="com.test.Verify_Login_page" name="Verify_login_with_valid_credentials" time="27.674"/>
  <system-out/>
</testsuite> <!-- com.test.Verify_Login_page -->
