<?xml version="1.0" encoding="UTF-8"?>
<!-- Generated by org.testng.reporters.JUnitReportReporter -->
<testsuite hostname="DESKTOP-2D98OF3" failures="0" tests="2" name="com.test.Verify_Home_page" time="17.091" errors="0" timestamp="2022-07-15T21:07:41 IST" skipped="0">
  <testcase classname="com.test.Verify_Home_page" name="VerifyHomePage" time="9.171"/>
  <system-out/>
  <testcase classname="com.test.Verify_Home_page" name="VerifyHomePage" time="7.920"/>
  <system-out/>
</testsuite> <!-- com.test.Verify_Home_page -->
